
--------------------
Setting Conda Env:



Transaction

  Prefix: /mmfs1/gscratch/stf/lleibm/mamba/envs/cse447

  Updating specs:

   - ipykernel
   - jupyter
   - matplotlib
   - nltk
   - numpy
   - pandas
   - python=3.12
   - pytorch
   - seaborn
   - torchaudio
   - torchvision
   - tqdm
   - datasets
   - async-timeout
   - chardet
   - regex
   - pyarrow


  Package                                    Version  Build                           Channel           Size
──────────────────────────────────────────────────────────────────────────────────────────────────────────────
  Install:
──────────────────────────────────────────────────────────────────────────────────────────────────────────────

  + _libgcc_mutex                                0.1  conda_forge                     conda-forge     Cached
  + _openmp_mutex                                4.5  2_kmp_llvm                      conda-forge     Cached
  + aiohappyeyeballs                           2.4.4  pyhd8ed1ab_1                    conda-forge     Cached
  + aiohttp                                  3.11.12  py312h178313f_0                 conda-forge      916kB
  + aiosignal                                  1.3.2  pyhd8ed1ab_0                    conda-forge     Cached
  + alsa-lib                                  1.2.13  hb9d3cd8_0                      conda-forge     Cached
  + anyio                                      4.8.0  pyhd8ed1ab_0                    conda-forge     Cached
  + aom                                        3.9.1  hac33072_0                      conda-forge     Cached
  + argon2-cffi                               23.1.0  pyhd8ed1ab_1                    conda-forge     Cached
  + argon2-cffi-bindings                      21.2.0  py312h66e93f0_5                 conda-forge     Cached
  + arrow                                      1.3.0  pyhd8ed1ab_1                    conda-forge     Cached
  + asttokens                                  3.0.0  pyhd8ed1ab_1                    conda-forge     Cached
  + async-lru                                  2.0.4  pyhd8ed1ab_1                    conda-forge     Cached
  + async-timeout                              5.0.1  pyhd8ed1ab_1                    conda-forge     Cached
  + attr                                       2.5.1  h166bdaf_1                      conda-forge     Cached
  + attrs                                     25.1.0  pyh71513ae_0                    conda-forge     Cached
  + aws-c-auth                                 0.8.1  h205f482_0                      conda-forge     Cached
  + aws-c-cal                                  0.8.1  h1a47875_3                      conda-forge     Cached
  + aws-c-common                              0.10.6  hb9d3cd8_0                      conda-forge     Cached
  + aws-c-compression                          0.3.0  h4e1184b_5                      conda-forge     Cached
  + aws-c-event-stream                         0.5.0  h7959bf6_11                     conda-forge     Cached
  + aws-c-http                                 0.9.2  hefd7a92_4                      conda-forge     Cached
  + aws-c-io                                  0.15.3  h173a860_6                      conda-forge     Cached
  + aws-c-mqtt                                0.11.0  h11f4f37_12                     conda-forge     Cached
  + aws-c-s3                                   0.7.9  he1b24dc_1                      conda-forge     Cached
  + aws-c-sdkutils                             0.2.2  h4e1184b_0                      conda-forge     Cached
  + aws-checksums                              0.2.2  h4e1184b_4                      conda-forge     Cached
  + aws-crt-cpp                               0.29.9  he0e7f3f_2                      conda-forge     Cached
  + aws-sdk-cpp                             1.11.489  h4d475cb_0                      conda-forge     Cached
  + azure-core-cpp                            1.14.0  h5cfcd09_0                      conda-forge     Cached
  + azure-identity-cpp                        1.10.0  h113e628_0                      conda-forge     Cached
  + azure-storage-blobs-cpp                  12.13.0  h3cf044e_1                      conda-forge     Cached
  + azure-storage-common-cpp                  12.8.0  h736e048_1                      conda-forge     Cached
  + azure-storage-files-datalake-cpp         12.12.0  ha633028_1                      conda-forge     Cached
  + babel                                     2.17.0  pyhd8ed1ab_0                    conda-forge     Cached
  + beautifulsoup4                            4.13.3  pyha770c72_0                    conda-forge     Cached
  + bleach                                     6.2.0  pyh29332c3_4                    conda-forge     Cached
  + bleach-with-css                            6.2.0  h82add2a_4                      conda-forge     Cached
  + brotli                                     1.1.0  hb9d3cd8_2                      conda-forge     Cached
  + brotli-bin                                 1.1.0  hb9d3cd8_2                      conda-forge     Cached
  + brotli-python                              1.1.0  py312h2ec8cdc_2                 conda-forge     Cached
  + bzip2                                      1.0.8  h4bc722e_7                      conda-forge     Cached
  + c-ares                                    1.34.4  hb9d3cd8_0                      conda-forge     Cached
  + ca-certificates                        2025.1.31  hbcca054_0                      conda-forge     Cached
  + cached-property                            1.5.2  hd8ed1ab_1                      conda-forge     Cached
  + cached_property                            1.5.2  pyha770c72_1                    conda-forge     Cached
  + cairo                                     1.18.2  h3394656_1                      conda-forge     Cached
  + certifi                               2024.12.14  pyhd8ed1ab_0                    conda-forge     Cached
  + cffi                                      1.17.1  py312h06ac9bb_0                 conda-forge     Cached
  + chardet                                    5.2.0  py312h7900ff3_2                 conda-forge     Cached
  + charset-normalizer                         3.4.1  pyhd8ed1ab_0                    conda-forge     Cached
  + click                                      8.1.8  pyh707e725_0                    conda-forge     Cached
  + colorama                                   0.4.6  pyhd8ed1ab_1                    conda-forge     Cached
  + comm                                       0.2.2  pyhd8ed1ab_1                    conda-forge     Cached
  + contourpy                                  1.3.1  py312h68727a3_0                 conda-forge     Cached
  + cpython                                   3.12.8  py312hd8ed1ab_1                 conda-forge     Cached
  + cuda-crt-tools                           12.8.61  ha770c72_0                      conda-forge     Cached
  + cuda-cudart                              12.8.57  h5888daf_0                      conda-forge     Cached
  + cuda-cudart_linux-64                     12.8.57  h3f2d84a_0                      conda-forge     Cached
  + cuda-cuobjdump                           12.8.55  hbd13f7d_0                      conda-forge     Cached
  + cuda-cupti                               12.8.57  hbd13f7d_0                      conda-forge     Cached
  + cuda-nvcc-tools                          12.8.61  he02047a_0                      conda-forge     Cached
  + cuda-nvdisasm                            12.8.55  hbd13f7d_0                      conda-forge     Cached
  + cuda-nvrtc                               12.8.61  hbd13f7d_0                      conda-forge     Cached
  + cuda-nvtx                                12.8.55  hbd13f7d_0                      conda-forge     Cached
  + cuda-nvvm-tools                          12.8.61  he02047a_0                      conda-forge     Cached
  + cuda-version                                12.8  h5d125a7_3                      conda-forge     Cached
  + cudnn                                   9.3.0.75  h62a6f1c_2                      conda-forge     Cached
  + cusparselt                               0.6.3.2  hdea8103_1                      conda-forge     Cached
  + cycler                                    0.12.1  pyhd8ed1ab_1                    conda-forge     Cached
  + cyrus-sasl                                2.1.27  h54b06d7_7                      conda-forge     Cached
  + datasets                                   3.2.0  pyhd8ed1ab_0                    conda-forge     Cached
  + dav1d                                      1.2.1  hd590300_0                      conda-forge     Cached
  + dbus                                      1.13.6  h5008d03_3                      conda-forge     Cached
  + debugpy                                   1.8.12  py312h2ec8cdc_0                 conda-forge     Cached
  + decorator                                  5.1.1  pyhd8ed1ab_1                    conda-forge     Cached
  + defusedxml                                 0.7.1  pyhd8ed1ab_0                    conda-forge     Cached
  + dill                                       0.3.8  pyhd8ed1ab_0                    conda-forge     Cached
  + double-conversion                          3.3.0  h59595ed_0                      conda-forge     Cached
  + exceptiongroup                             1.2.2  pyhd8ed1ab_1                    conda-forge     Cached
  + executing                                  2.1.0  pyhd8ed1ab_1                    conda-forge     Cached
  + expat                                      2.6.4  h5888daf_0                      conda-forge     Cached
  + filelock                                  3.17.0  pyhd8ed1ab_0                    conda-forge     Cached
  + font-ttf-dejavu-sans-mono                   2.37  hab24e00_0                      conda-forge     Cached
  + font-ttf-inconsolata                       3.000  h77eed37_0                      conda-forge     Cached
  + font-ttf-source-code-pro                   2.038  h77eed37_0                      conda-forge     Cached
  + font-ttf-ubuntu                             0.83  h77eed37_3                      conda-forge     Cached
  + fontconfig                                2.15.0  h7e30c49_1                      conda-forge     Cached
  + fonts-conda-ecosystem                          1  0                               conda-forge     Cached
  + fonts-conda-forge                              1  0                               conda-forge     Cached
  + fonttools                                 4.55.8  py312h178313f_0                 conda-forge     Cached
  + fqdn                                       1.5.1  pyhd8ed1ab_1                    conda-forge     Cached
  + freetype                                  2.12.1  h267a509_2                      conda-forge     Cached
  + frozenlist                                 1.5.0  py312h178313f_1                 conda-forge     Cached
  + fsspec                                  2024.9.0  pyhff2d567_0                    conda-forge     Cached
  + gflags                                     2.2.2  h5888daf_1005                   conda-forge     Cached
  + giflib                                     5.2.2  hd590300_0                      conda-forge     Cached
  + glog                                       0.7.1  hbabe93e_0                      conda-forge     Cached
  + gmp                                        6.3.0  hac33072_2                      conda-forge     Cached
  + gmpy2                                      2.1.5  py312h7201bc8_3                 conda-forge     Cached
  + graphite2                                 1.3.13  h59595ed_1003                   conda-forge     Cached
  + h11                                       0.14.0  pyhd8ed1ab_1                    conda-forge     Cached
  + h2                                         4.2.0  pyhd8ed1ab_0                    conda-forge     Cached
  + harfbuzz                                  10.2.0  h4bba637_0                      conda-forge     Cached
  + hpack                                      4.1.0  pyhd8ed1ab_0                    conda-forge     Cached
  + httpcore                                   1.0.7  pyh29332c3_1                    conda-forge     Cached
  + httpx                                     0.28.1  pyhd8ed1ab_0                    conda-forge     Cached
  + huggingface_hub                           0.28.0  pyhd8ed1ab_0                    conda-forge     Cached
  + hyperframe                                 6.1.0  pyhd8ed1ab_0                    conda-forge     Cached
  + icu                                         75.1  he02047a_0                      conda-forge     Cached
  + idna                                        3.10  pyhd8ed1ab_1                    conda-forge     Cached
  + importlib-metadata                         8.6.1  pyha770c72_0                    conda-forge     Cached
  + importlib_resources                        6.5.2  pyhd8ed1ab_0                    conda-forge     Cached
  + ipykernel                                 6.29.5  pyh3099207_0                    conda-forge     Cached
  + ipython                                   8.32.0  pyh907856f_0                    conda-forge     Cached
  + ipywidgets                                 8.1.5  pyhd8ed1ab_1                    conda-forge     Cached
  + isoduration                              20.11.0  pyhd8ed1ab_1                    conda-forge     Cached
  + jedi                                      0.19.2  pyhd8ed1ab_1                    conda-forge     Cached
  + jinja2                                     3.1.5  pyhd8ed1ab_0                    conda-forge     Cached
  + joblib                                     1.4.2  pyhd8ed1ab_1                    conda-forge     Cached
  + json5                                     0.10.0  pyhd8ed1ab_1                    conda-forge     Cached
  + jsonpointer                                3.0.0  py312h7900ff3_1                 conda-forge     Cached
  + jsonschema                                4.23.0  pyhd8ed1ab_1                    conda-forge     Cached
  + jsonschema-specifications              2024.10.1  pyhd8ed1ab_1                    conda-forge     Cached
  + jsonschema-with-format-nongpl             4.23.0  hd8ed1ab_1                      conda-forge     Cached
  + jupyter                                    1.1.1  pyhd8ed1ab_1                    conda-forge     Cached
  + jupyter-lsp                                2.2.5  pyhd8ed1ab_1                    conda-forge     Cached
  + jupyter_client                             8.6.3  pyhd8ed1ab_1                    conda-forge     Cached
  + jupyter_console                            6.6.3  pyhd8ed1ab_1                    conda-forge     Cached
  + jupyter_core                               5.7.2  pyh31011fe_1                    conda-forge     Cached
  + jupyter_events                            0.12.0  pyh29332c3_0                    conda-forge     Cached
  + jupyter_server                            2.15.0  pyhd8ed1ab_0                    conda-forge     Cached
  + jupyter_server_terminals                   0.5.3  pyhd8ed1ab_1                    conda-forge     Cached
  + jupyterlab                                 4.3.5  pyhd8ed1ab_0                    conda-forge     Cached
  + jupyterlab_pygments                        0.3.0  pyhd8ed1ab_2                    conda-forge     Cached
  + jupyterlab_server                         2.27.3  pyhd8ed1ab_1                    conda-forge     Cached
  + jupyterlab_widgets                        3.0.13  pyhd8ed1ab_1                    conda-forge     Cached
  + kaldi                                   5.5.1112  cuda120h472450c_5               conda-forge     Cached
  + keyutils                                   1.6.1  h166bdaf_0                      conda-forge     Cached
  + kiwisolver                                 1.4.8  py312h84d6215_0                 conda-forge     Cached
  + krb5                                      1.21.3  h659f571_0                      conda-forge     Cached
  + lcms2                                       2.16  hb7c19ff_0                      conda-forge     Cached
  + ld_impl_linux-64                            2.43  h712a8e2_2                      conda-forge     Cached
  + lerc                                       4.0.0  h27087fc_0                      conda-forge     Cached
  + libabseil                             20240722.0  cxx17_hbbce691_4                conda-forge     Cached
  + libarrow                                  19.0.0  h00a82cf_8_cpu                  conda-forge     Cached
  + libarrow-acero                            19.0.0  hcb10f89_8_cpu                  conda-forge     Cached
  + libarrow-dataset                          19.0.0  hcb10f89_8_cpu                  conda-forge     Cached
  + libarrow-substrait                        19.0.0  h08228c5_8_cpu                  conda-forge     Cached
  + libavif16                                  1.1.1  h1909e37_2                      conda-forge     Cached
  + libblas                                    3.9.0  28_h2556b6b_mkl                 conda-forge     Cached
  + libbrotlicommon                            1.1.0  hb9d3cd8_2                      conda-forge     Cached
  + libbrotlidec                               1.1.0  hb9d3cd8_2                      conda-forge     Cached
  + libbrotlienc                               1.1.0  hb9d3cd8_2                      conda-forge     Cached
  + libcap                                      2.71  h39aace5_0                      conda-forge     Cached
  + libcblas                                   3.9.0  28_h372d94f_mkl                 conda-forge     Cached
  + libclang-cpp19.1                          19.1.7  default_hb5137d0_1              conda-forge     Cached
  + libclang13                                19.1.7  default_h9c6a7e4_1              conda-forge     Cached
  + libcrc32c                                  1.1.2  h9c3ff4c_0                      conda-forge     Cached
  + libcublas                              12.8.3.14  h9ab20c4_0                      conda-forge     Cached
  + libcudss0                                0.4.0.2  he55f5cd_2                      conda-forge     Cached
  + libcufft                               11.3.3.41  hbd13f7d_0                      conda-forge     Cached
  + libcufile                              1.13.0.11  h12f29b5_0                      conda-forge     Cached
  + libcups                                    2.3.3  h4637d8d_4                      conda-forge     Cached
  + libcurand                              10.3.9.55  hbd13f7d_0                      conda-forge     Cached
  + libcurl                                   8.11.1  h332b0f4_0                      conda-forge     Cached
  + libcusolver                            11.7.2.55  h9ab20c4_0                      conda-forge     Cached
  + libcusparse                            12.5.7.53  hbd13f7d_0                      conda-forge     Cached
  + libde265                                  1.0.15  h00ab1b0_0                      conda-forge     Cached
  + libdeflate                                  1.23  h4ddbbb0_0                      conda-forge     Cached
  + libdrm                                   2.4.124  hb9d3cd8_0                      conda-forge     Cached
  + libedit                             3.1.20250104  pl5321h7949ede_0                conda-forge     Cached
  + libegl                                     1.7.0  ha4b6fd6_2                      conda-forge     Cached
  + libev                                       4.33  hd590300_2                      conda-forge     Cached
  + libevent                                  2.1.12  hf998b51_1                      conda-forge     Cached
  + libexpat                                   2.6.4  h5888daf_0                      conda-forge     Cached
  + libffi                                     3.4.2  h7f98852_5                      conda-forge     Cached
  + libgcc                                    14.2.0  h77fa898_1                      conda-forge     Cached
  + libgcc-ng                                 14.2.0  h69a702a_1                      conda-forge     Cached
  + libgcrypt-lib                             1.11.0  hb9d3cd8_2                      conda-forge     Cached
  + libgfortran                               14.2.0  h69a702a_1                      conda-forge     Cached
  + libgfortran5                              14.2.0  hd5240d6_1                      conda-forge     Cached
  + libgl                                      1.7.0  ha4b6fd6_2                      conda-forge     Cached
  + libglib                                   2.82.2  h2ff4ddf_1                      conda-forge     Cached
  + libglvnd                                   1.7.0  ha4b6fd6_2                      conda-forge     Cached
  + libglx                                     1.7.0  ha4b6fd6_2                      conda-forge     Cached
  + libgoogle-cloud                           2.34.0  h2b5623c_0                      conda-forge     Cached
  + libgoogle-cloud-storage                   2.34.0  h0121fbd_0                      conda-forge     Cached
  + libgpg-error                                1.51  hbd13f7d_1                      conda-forge     Cached
  + libgrpc                                   1.67.1  h25350d4_1                      conda-forge     Cached
  + libheif                                   1.19.5  gpl_hc21c24c_100                conda-forge     Cached
  + libhwloc                                  2.11.2  default_h0d58e46_1001           conda-forge     Cached
  + libiconv                                    1.17  hd590300_2                      conda-forge     Cached
  + libjpeg-turbo                              3.0.0  hd590300_1                      conda-forge     Cached
  + liblapack                                  3.9.0  28_hc41d3b0_mkl                 conda-forge     Cached
  + liblapacke                                 3.9.0  28_hbc6e62b_mkl                 conda-forge     Cached
  + libllvm19                                 19.1.7  ha7bfdaf_1                      conda-forge     Cached
  + liblzma                                    5.6.4  hb9d3cd8_0                      conda-forge     Cached
  + libmagma                                   2.8.0  h566cb83_2                      conda-forge     Cached
  + libmagma_sparse                            2.8.0  h0af6554_0                      conda-forge     Cached
  + libnghttp2                                1.64.0  h161d5f1_0                      conda-forge     Cached
  + libnl                                     3.11.0  hb9d3cd8_0                      conda-forge     Cached
  + libnsl                                     2.0.1  hd590300_0                      conda-forge     Cached
  + libntlm                                      1.8  hb9d3cd8_0                      conda-forge     Cached
  + libnvjitlink                             12.8.61  hbd13f7d_0                      conda-forge     Cached
  + libnvjpeg                              12.3.5.57  h97fd463_0                      conda-forge     Cached
  + libopengl                                  1.7.0  ha4b6fd6_2                      conda-forge     Cached
  + libopentelemetry-cpp                      1.18.0  hfcad708_1                      conda-forge     Cached
  + libopentelemetry-cpp-headers              1.18.0  ha770c72_1                      conda-forge     Cached
  + libparquet                                19.0.0  h081d1f1_8_cpu                  conda-forge     Cached
  + libpciaccess                                0.18  hd590300_0                      conda-forge     Cached
  + libpng                                    1.6.46  h943b412_0                      conda-forge     Cached
  + libpq                                       17.2  h3b95a9b_1                      conda-forge     Cached
  + libprotobuf                               5.28.3  h6128344_1                      conda-forge     Cached
  + libre2-11                             2024.07.02  hbbce691_2                      conda-forge     Cached
  + libsodium                                 1.0.20  h4ab18f5_0                      conda-forge     Cached
  + libsqlite                                 3.48.0  hee588c1_1                      conda-forge     Cached
  + libssh2                                   1.11.1  hf672d98_0                      conda-forge     Cached
  + libstdcxx                                 14.2.0  hc0a3c3a_1                      conda-forge     Cached
  + libstdcxx-ng                              14.2.0  h4852527_1                      conda-forge     Cached
  + libsystemd0                                257.2  h3dc2cb9_0                      conda-forge     Cached
  + libthrift                                 0.21.0  h0e7cc3e_0                      conda-forge     Cached
  + libtiff                                    4.7.0  hd9ff511_3                      conda-forge     Cached
  + libtorch                                   2.5.1  cuda126_mkl_haa0cf67_310        conda-forge     Cached
  + libudev1                                   257.2  h9a4d06a_0                      conda-forge     Cached
  + libutf8proc                               2.10.0  h4c51ac1_0                      conda-forge     Cached
  + libuuid                                   2.38.1  h0b41bf4_0                      conda-forge     Cached
  + libuv                                     1.50.0  hb9d3cd8_0                      conda-forge     Cached
  + libwebp-base                               1.5.0  h851e524_0                      conda-forge     Cached
  + libxcb                                    1.17.0  h8a09558_0                      conda-forge     Cached
  + libxcrypt                                 4.4.36  hd590300_1                      conda-forge     Cached
  + libxkbcommon                               1.8.0  hc4a0caf_0                      conda-forge     Cached
  + libxml2                                   2.13.5  h8d12d68_1                      conda-forge     Cached
  + libxslt                                   1.1.39  h76b75d6_0                      conda-forge     Cached
  + libzlib                                    1.3.1  hb9d3cd8_2                      conda-forge     Cached
  + llvm-openmp                               19.1.7  h024ca30_0                      conda-forge     Cached
  + lz4-c                                     1.10.0  h5888daf_1                      conda-forge     Cached
  + magma                                      2.8.0  h51420fd_0                      conda-forge     Cached
  + markupsafe                                 3.0.2  py312h178313f_1                 conda-forge     Cached
  + matplotlib                                3.10.0  py312h7900ff3_0                 conda-forge     Cached
  + matplotlib-base                           3.10.0  py312hd3ec401_0                 conda-forge     Cached
  + matplotlib-inline                          0.1.7  pyhd8ed1ab_1                    conda-forge     Cached
  + mistune                                    3.1.1  pyhd8ed1ab_0                    conda-forge     Cached
  + mkl                                     2024.2.2  ha957f24_16                     conda-forge     Cached
  + mpc                                        1.3.1  h24ddda3_1                      conda-forge     Cached
  + mpfr                                       4.2.1  h90cbb55_3                      conda-forge     Cached
  + mpmath                                     1.3.0  pyhd8ed1ab_1                    conda-forge     Cached
  + multidict                                  6.1.0  py312h178313f_2                 conda-forge     Cached
  + multiprocess                             0.70.16  py312h66e93f0_1                 conda-forge     Cached
  + munkres                                    1.1.4  pyh9f0ad1d_0                    conda-forge     Cached
  + mysql-common                               9.0.1  h266115a_4                      conda-forge     Cached
  + mysql-libs                                 9.0.1  he0572af_4                      conda-forge     Cached
  + nbclient                                  0.10.2  pyhd8ed1ab_0                    conda-forge     Cached
  + nbconvert-core                            7.16.6  pyh29332c3_0                    conda-forge     Cached
  + nbformat                                  5.10.4  pyhd8ed1ab_1                    conda-forge     Cached
  + nccl                                    2.25.1.1  ha44e49d_0                      conda-forge     Cached
  + ncurses                                      6.5  h2d0b736_3                      conda-forge     Cached
  + nest-asyncio                               1.6.0  pyhd8ed1ab_1                    conda-forge     Cached
  + networkx                                   3.4.2  pyh267e887_2                    conda-forge     Cached
  + nlohmann_json                             3.11.3  he02047a_1                      conda-forge     Cached
  + nltk                                       3.9.1  pyhd8ed1ab_1                    conda-forge     Cached
  + notebook                                   7.3.2  pyhd8ed1ab_0                    conda-forge     Cached
  + notebook-shim                              0.2.4  pyhd8ed1ab_1                    conda-forge     Cached
  + numpy                                      2.2.2  py312h72c5963_0                 conda-forge     Cached
  + openfst                                    1.8.3  h84d6215_3                      conda-forge     Cached
  + openjpeg                                   2.5.3  h5fbd93e_0                      conda-forge     Cached
  + openldap                                   2.6.9  he970967_0                      conda-forge     Cached
  + openssl                                    3.4.0  h7b32b05_1                      conda-forge     Cached
  + orc                                        2.0.3  h12ee42a_2                      conda-forge     Cached
  + overrides                                  7.7.0  pyhd8ed1ab_1                    conda-forge     Cached
  + packaging                                   24.2  pyhd8ed1ab_2                    conda-forge     Cached
  + pandas                                     2.2.3  py312hf9745cd_1                 conda-forge     Cached
  + pandocfilters                              1.5.0  pyhd8ed1ab_0                    conda-forge     Cached
  + parso                                      0.8.4  pyhd8ed1ab_1                    conda-forge     Cached
  + patsy                                      1.0.1  pyhd8ed1ab_1                    conda-forge     Cached
  + pcre2                                      10.44  hba22ea6_2                      conda-forge     Cached
  + pexpect                                    4.9.0  pyhd8ed1ab_1                    conda-forge     Cached
  + pickleshare                                0.7.5  pyhd8ed1ab_1004                 conda-forge     Cached
  + pillow                                    11.1.0  py312h80c1187_0                 conda-forge     Cached
  + pip                                         25.0  pyh8b19718_0                    conda-forge     Cached
  + pixman                                    0.44.2  h29eaf8c_0                      conda-forge     Cached
  + pkgutil-resolve-name                      1.3.10  pyhd8ed1ab_2                    conda-forge     Cached
  + platformdirs                               4.3.6  pyhd8ed1ab_1                    conda-forge     Cached
  + prometheus-cpp                             1.3.0  ha5d0236_0                      conda-forge     Cached
  + prometheus_client                         0.21.1  pyhd8ed1ab_0                    conda-forge     Cached
  + prompt-toolkit                            3.0.50  pyha770c72_0                    conda-forge     Cached
  + prompt_toolkit                            3.0.50  hd8ed1ab_0                      conda-forge     Cached
  + propcache                                  0.2.1  py312h178313f_1                 conda-forge     Cached
  + psutil                                     6.1.1  py312h66e93f0_0                 conda-forge     Cached
  + pthread-stubs                                0.4  hb9d3cd8_1002                   conda-forge     Cached
  + ptyprocess                                 0.7.0  pyhd8ed1ab_1                    conda-forge     Cached
  + pure_eval                                  0.2.3  pyhd8ed1ab_1                    conda-forge     Cached
  + pyarrow                                   19.0.0  py312h7900ff3_0                 conda-forge     Cached
  + pyarrow-core                              19.0.0  py312h01725c0_0_cpu             conda-forge     Cached
  + pycparser                                   2.22  pyh29332c3_1                    conda-forge     Cached
  + pygments                                  2.19.1  pyhd8ed1ab_0                    conda-forge     Cached
  + pyparsing                                  3.2.1  pyhd8ed1ab_0                    conda-forge     Cached
  + pyside6                                    6.8.2  py312h91f0f75_0                 conda-forge     Cached
  + pysocks                                    1.7.1  pyha55dd90_7                    conda-forge     Cached
  + python                                    3.12.8  h9e4cc4f_1_cpython              conda-forge     Cached
  + python-dateutil                      2.9.0.post0  pyhff2d567_1                    conda-forge     Cached
  + python-fastjsonschema                     2.21.1  pyhd8ed1ab_0                    conda-forge     Cached
  + python-json-logger                         2.0.7  pyhd8ed1ab_0                    conda-forge     Cached
  + python-tzdata                             2025.1  pyhd8ed1ab_0                    conda-forge     Cached
  + python-xxhash                              3.5.0  py312h66e93f0_1                 conda-forge     Cached
  + python_abi                                  3.12  5_cp312                         conda-forge     Cached
  + pytorch                                    2.5.1  cuda126_mkl_py312_hdbe889e_310  conda-forge     Cached
  + pytz                                      2024.1  pyhd8ed1ab_0                    conda-forge     Cached
  + pyyaml                                     6.0.2  py312h178313f_2                 conda-forge     Cached
  + pyzmq                                     26.2.1  py312hbf22597_0                 conda-forge     Cached
  + qhull                                     2020.2  h434a139_5                      conda-forge     Cached
  + qt6-main                                   6.8.2  h588cce1_0                      conda-forge     Cached
  + rav1e                                      0.6.6  he8a937b_2                      conda-forge     Cached
  + rdma-core                                   55.0  h5888daf_0                      conda-forge     Cached
  + re2                                   2024.07.02  h9925aae_2                      conda-forge     Cached
  + readline                                     8.2  h8228510_1                      conda-forge     Cached
  + referencing                               0.36.2  pyh29332c3_0                    conda-forge     Cached
  + regex                                  2024.11.6  py312h66e93f0_0                 conda-forge     Cached
  + requests                                  2.32.3  pyhd8ed1ab_1                    conda-forge     Cached
  + rfc3339-validator                          0.1.4  pyhd8ed1ab_1                    conda-forge     Cached
  + rfc3986-validator                          0.1.1  pyh9f0ad1d_0                    conda-forge     Cached
  + rpds-py                                   0.22.3  py312h12e396e_0                 conda-forge     Cached
  + s2n                                       1.5.11  h072c03f_0                      conda-forge     Cached
  + scipy                                     1.15.1  py312h180e4f1_0                 conda-forge     Cached
  + seaborn                                   0.13.2  hd8ed1ab_3                      conda-forge     Cached
  + seaborn-base                              0.13.2  pyhd8ed1ab_3                    conda-forge     Cached
  + send2trash                                 1.8.3  pyh0d859eb_1                    conda-forge     Cached
  + setuptools                                75.8.0  pyhff2d567_0                    conda-forge     Cached
  + six                                       1.17.0  pyhd8ed1ab_0                    conda-forge     Cached
  + sleef                                        3.8  h1b44611_0                      conda-forge     Cached
  + snappy                                     1.2.1  h8bd8927_1                      conda-forge     Cached
  + sniffio                                    1.3.1  pyhd8ed1ab_1                    conda-forge     Cached
  + soupsieve                                    2.5  pyhd8ed1ab_1                    conda-forge     Cached
  + stack_data                                 0.6.3  pyhd8ed1ab_1                    conda-forge     Cached
  + statsmodels                               0.14.4  py312hc0a28a1_0                 conda-forge     Cached
  + svt-av1                                    2.3.0  h5888daf_0                      conda-forge     Cached
  + sympy                                     1.13.3  pyh2585a3b_105                  conda-forge     Cached
  + tbb                                    2021.13.0  hceb3a55_1                      conda-forge     Cached
  + terminado                                 0.18.1  pyh0d859eb_0                    conda-forge     Cached
  + tinycss2                                   1.4.0  pyhd8ed1ab_0                    conda-forge     Cached
  + tk                                        8.6.13  noxft_h4845f30_101              conda-forge     Cached
  + tomli                                      2.2.1  pyhd8ed1ab_1                    conda-forge     Cached
  + torchaudio                                 2.5.1  cuda_126py312haeea92a_0         conda-forge     Cached
  + torchvision                               0.20.1  cuda126_py312_hcab48d2_6        conda-forge     Cached
  + tornado                                    6.4.2  py312h66e93f0_0                 conda-forge     Cached
  + tqdm                                      4.67.1  pyhd8ed1ab_1                    conda-forge     Cached
  + traitlets                                 5.14.3  pyhd8ed1ab_1                    conda-forge     Cached
  + triton                                     3.1.0  cuda126py312h776fbae_6          conda-forge     Cached
  + types-python-dateutil             2.9.0.20241206  pyhd8ed1ab_0                    conda-forge     Cached
  + typing-extensions                         4.12.2  hd8ed1ab_1                      conda-forge     Cached
  + typing_extensions                         4.12.2  pyha770c72_1                    conda-forge     Cached
  + typing_utils                               0.1.0  pyhd8ed1ab_1                    conda-forge     Cached
  + tzdata                                     2025a  h78e105d_0                      conda-forge     Cached
  + unicodedata2                              16.0.0  py312h66e93f0_0                 conda-forge     Cached
  + uri-template                               1.3.0  pyhd8ed1ab_1                    conda-forge     Cached
  + urllib3                                    2.3.0  pyhd8ed1ab_0                    conda-forge     Cached
  + wayland                                   1.23.1  h3e06ad9_0                      conda-forge     Cached
  + wcwidth                                   0.2.13  pyhd8ed1ab_1                    conda-forge     Cached
  + webcolors                                24.11.1  pyhd8ed1ab_0                    conda-forge     Cached
  + webencodings                               0.5.1  pyhd8ed1ab_3                    conda-forge     Cached
  + websocket-client                           1.8.0  pyhd8ed1ab_1                    conda-forge     Cached
  + wheel                                     0.45.1  pyhd8ed1ab_1                    conda-forge     Cached
  + widgetsnbextension                        4.0.13  pyhd8ed1ab_1                    conda-forge     Cached
  + x265                                         3.5  h924138e_3                      conda-forge     Cached
  + xcb-util                                   0.4.1  hb711507_2                      conda-forge     Cached
  + xcb-util-cursor                            0.1.5  hb9d3cd8_0                      conda-forge     Cached
  + xcb-util-image                             0.4.0  hb711507_2                      conda-forge     Cached
  + xcb-util-keysyms                           0.4.1  hb711507_0                      conda-forge     Cached
  + xcb-util-renderutil                       0.3.10  hb711507_0                      conda-forge     Cached
  + xcb-util-wm                                0.4.2  hb711507_0                      conda-forge     Cached
  + xkeyboard-config                            2.43  hb9d3cd8_0                      conda-forge     Cached
  + xorg-libice                                1.1.2  hb9d3cd8_0                      conda-forge     Cached
  + xorg-libsm                                 1.2.5  he73a12e_0                      conda-forge     Cached
  + xorg-libx11                               1.8.11  h4f16b4b_0                      conda-forge     Cached
  + xorg-libxau                               1.0.12  hb9d3cd8_0                      conda-forge     Cached
  + xorg-libxcomposite                         0.4.6  hb9d3cd8_2                      conda-forge     Cached
  + xorg-libxcursor                            1.2.3  hb9d3cd8_0                      conda-forge     Cached
  + xorg-libxdamage                            1.1.6  hb9d3cd8_0                      conda-forge     Cached
  + xorg-libxdmcp                              1.1.5  hb9d3cd8_0                      conda-forge     Cached
  + xorg-libxext                               1.3.6  hb9d3cd8_0                      conda-forge     Cached
  + xorg-libxfixes                             6.0.1  hb9d3cd8_0                      conda-forge     Cached
  + xorg-libxi                                 1.8.2  hb9d3cd8_0                      conda-forge     Cached
  + xorg-libxrandr                             1.5.4  hb9d3cd8_0                      conda-forge     Cached
  + xorg-libxrender                           0.9.12  hb9d3cd8_0                      conda-forge     Cached
  + xorg-libxtst                               1.2.5  hb9d3cd8_3                      conda-forge     Cached
  + xorg-libxxf86vm                            1.1.6  hb9d3cd8_0                      conda-forge     Cached
  + xxhash                                     0.8.2  hd590300_0                      conda-forge     Cached
  + yaml                                       0.2.5  h7f98852_2                      conda-forge     Cached
  + yarl                                      1.18.3  py312h178313f_1                 conda-forge     Cached
  + zeromq                                     4.3.5  h3b0a872_7                      conda-forge     Cached
  + zipp                                      3.21.0  pyhd8ed1ab_1                    conda-forge     Cached
  + zlib                                       1.3.1  hb9d3cd8_2                      conda-forge     Cached
  + zstandard                                 0.23.0  py312hef9b889_1                 conda-forge     Cached
  + zstd                                       1.5.6  ha6fb4c9_0                      conda-forge     Cached

  Summary:

  Install: 394 packages

  Total download: 916kB

──────────────────────────────────────────────────────────────────────────────────────────────────────────────



Transaction starting
Linking _libgcc_mutex-0.1-conda_forge
Linking python_abi-3.12-5_cp312
Linking ld_impl_linux-64-2.43-h712a8e2_2
Linking ca-certificates-2025.1.31-hbcca054_0
Linking llvm-openmp-19.1.7-h024ca30_0
Linking libglvnd-1.7.0-ha4b6fd6_2
Linking libopentelemetry-cpp-headers-1.18.0-ha770c72_1
Linking _openmp_mutex-4.5-2_kmp_llvm
Linking libopengl-1.7.0-ha4b6fd6_2
Linking libegl-1.7.0-ha4b6fd6_2
Linking libgcc-14.2.0-h77fa898_1
Linking c-ares-1.34.4-hb9d3cd8_0
Linking aws-c-common-0.10.6-hb9d3cd8_0
Linking libutf8proc-2.10.0-h4c51ac1_0
Linking libntlm-1.8-hb9d3cd8_0
Linking libbrotlicommon-1.1.0-hb9d3cd8_2
Linking xorg-libxdmcp-1.1.5-hb9d3cd8_0
Linking xorg-libxau-1.0.12-hb9d3cd8_0
Linking pthread-stubs-0.4-hb9d3cd8_1002
Linking xorg-libice-1.1.2-hb9d3cd8_0
Linking alsa-lib-1.2.13-hb9d3cd8_0
Linking libdeflate-1.23-h4ddbbb0_0
Linking openssl-3.4.0-h7b32b05_1
Linking ncurses-6.5-h2d0b736_3
Linking libgfortran5-14.2.0-hd5240d6_1
Linking libzlib-1.3.1-hb9d3cd8_2
Linking liblzma-5.6.4-hb9d3cd8_0
Linking libnl-3.11.0-hb9d3cd8_0
Linking libstdcxx-14.2.0-hc0a3c3a_1
Linking libgcc-ng-14.2.0-h69a702a_1
Linking libwebp-base-1.5.0-h851e524_0
Linking libuv-1.50.0-hb9d3cd8_0
Linking libexpat-2.6.4-h5888daf_0
Linking aws-c-compression-0.3.0-h4e1184b_5
Linking aws-c-sdkutils-0.2.2-h4e1184b_0
Linking aws-checksums-0.2.2-h4e1184b_4
Linking libbrotlienc-1.1.0-hb9d3cd8_2
Linking libbrotlidec-1.1.0-hb9d3cd8_2
Linking libxcb-1.17.0-h8a09558_0
Linking s2n-1.5.11-h072c03f_0
Linking aws-c-cal-0.8.1-h1a47875_3
Linking libedit-3.1.20250104-pl5321h7949ede_0
Linking libgfortran-14.2.0-h69a702a_1
Linking zlib-1.3.1-hb9d3cd8_2
Linking libssh2-1.11.1-hf672d98_0
Linking libsqlite-3.48.0-hee588c1_1
Linking libpng-1.6.46-h943b412_0
Linking gflags-2.2.2-h5888daf_1005
Linking openfst-1.8.3-h84d6215_3
Linking snappy-1.2.1-h8bd8927_1
Linking mysql-common-9.0.1-h266115a_4
Linking libstdcxx-ng-14.2.0-h4852527_1
Linking libgpg-error-1.51-hbd13f7d_1
Linking lz4-c-1.10.0-h5888daf_1
Linking sleef-3.8-h1b44611_0
Linking pixman-0.44.2-h29eaf8c_0
Linking libabseil-20240722.0-cxx17_hbbce691_4
Linking svt-av1-2.3.0-h5888daf_0
Linking libev-4.33-hd590300_2
Linking libevent-2.1.12-hf998b51_1
Linking rav1e-0.6.6-he8a937b_2
Linking attr-2.5.1-h166bdaf_1
Linking libiconv-1.17-hd590300_2
Linking libpciaccess-0.18-hd590300_0
Linking libffi-3.4.2-h7f98852_5
Linking tk-8.6.13-noxft_h4845f30_101
Linking libxcrypt-4.4.36-hd590300_1
Linking yaml-0.2.5-h7f98852_2
Linking keyutils-1.6.1-h166bdaf_0
Linking bzip2-1.0.8-h4bc722e_7
Linking libjpeg-turbo-3.0.0-hd590300_1
Linking dav1d-1.2.1-hd590300_0
Linking xxhash-0.8.2-hd590300_0
Linking libsodium-1.0.20-h4ab18f5_0
Linking giflib-5.2.2-hd590300_0
Linking readline-8.2-h8228510_1
Linking libuuid-2.38.1-h0b41bf4_0
Linking libnsl-2.0.1-hd590300_0
Linking expat-2.6.4-h5888daf_0
Linking brotli-bin-1.1.0-hb9d3cd8_2
Linking xorg-libx11-1.8.11-h4f16b4b_0
Linking xcb-util-wm-0.4.2-hb711507_0
Linking xcb-util-renderutil-0.3.10-hb711507_0
Linking xcb-util-keysyms-0.4.1-hb711507_0
Linking xcb-util-0.4.1-hb711507_2
Linking aws-c-io-0.15.3-h173a860_6
Linking freetype-2.12.1-h267a509_2
Linking nlohmann_json-3.11.3-he02047a_1
Linking libcrc32c-1.1.2-h9c3ff4c_0
Linking glog-0.7.1-hbabe93e_0
Linking gmp-6.3.0-hac33072_2
Linking graphite2-1.3.13-h59595ed_1003
Linking x265-3.5-h924138e_3
Linking icu-75.1-he02047a_0
Linking double-conversion-3.3.0-h59595ed_0
Linking qhull-2020.2-h434a139_5
Linking lerc-4.0.0-h27087fc_0
Linking zstd-1.5.6-ha6fb4c9_0
Linking libde265-1.0.15-h00ab1b0_0
Linking aom-3.9.1-hac33072_0
Linking libgcrypt-lib-1.11.0-hb9d3cd8_2
Linking libre2-11-2024.07.02-hbbce691_2
Linking libprotobuf-5.28.3-h6128344_1
Linking libnghttp2-1.64.0-h161d5f1_0
Linking libthrift-0.21.0-h0e7cc3e_0
Linking libcap-2.71-h39aace5_0
Linking libdrm-2.4.124-hb9d3cd8_0
Linking wayland-1.23.1-h3e06ad9_0
Linking krb5-1.21.3-h659f571_0
Linking pcre2-10.44-hba22ea6_2
Linking xorg-libsm-1.2.5-he73a12e_0
Linking brotli-1.1.0-hb9d3cd8_2
Linking xkeyboard-config-2.43-hb9d3cd8_0
Linking libglx-1.7.0-ha4b6fd6_2
Linking xorg-libxrender-0.9.12-hb9d3cd8_0
Linking xorg-libxfixes-6.0.1-hb9d3cd8_0
Linking xorg-libxext-1.3.6-hb9d3cd8_0
Linking xcb-util-image-0.4.0-hb711507_2
Linking aws-c-http-0.9.2-hefd7a92_4
Linking aws-c-event-stream-0.5.0-h7959bf6_11
Linking fontconfig-2.15.0-h7e30c49_1
Linking mpfr-4.2.1-h90cbb55_3
Linking libxml2-2.13.5-h8d12d68_1
Linking mysql-libs-9.0.1-he0572af_4
Linking libtiff-4.7.0-hd9ff511_3
Linking libavif16-1.1.1-h1909e37_2
Linking re2-2024.07.02-h9925aae_2
Linking libudev1-257.2-h9a4d06a_0
Linking libsystemd0-257.2-h3dc2cb9_0
Linking libcurl-8.11.1-h332b0f4_0
Linking cyrus-sasl-2.1.27-h54b06d7_7
Linking libcups-2.3.3-h4637d8d_4
Linking zeromq-4.3.5-h3b0a872_7
Linking libglib-2.82.2-h2ff4ddf_1
Linking libgl-1.7.0-ha4b6fd6_2
Linking xorg-libxcomposite-0.4.6-hb9d3cd8_2
Linking xorg-libxcursor-1.2.3-hb9d3cd8_0
Linking xorg-libxi-1.8.2-hb9d3cd8_0
Linking xorg-libxxf86vm-1.1.6-hb9d3cd8_0
Linking xorg-libxrandr-1.5.4-hb9d3cd8_0
Linking xorg-libxdamage-1.1.6-hb9d3cd8_0
Linking xcb-util-cursor-0.1.5-hb9d3cd8_0
Linking aws-c-mqtt-0.11.0-h11f4f37_12
Linking aws-c-auth-0.8.1-h205f482_0
Linking mpc-1.3.1-h24ddda3_1
Linking libxkbcommon-1.8.0-hc4a0caf_0
Linking libllvm19-19.1.7-ha7bfdaf_1
Linking libhwloc-2.11.2-default_h0d58e46_1001
Linking libxslt-1.1.39-h76b75d6_0
Linking openjpeg-2.5.3-h5fbd93e_0
Linking lcms2-2.16-hb7c19ff_0
Linking libheif-1.19.5-gpl_hc21c24c_100
Linking libgrpc-1.67.1-h25350d4_1
Linking rdma-core-55.0-h5888daf_0
Linking prometheus-cpp-1.3.0-ha5d0236_0
Linking azure-core-cpp-1.14.0-h5cfcd09_0
Linking openldap-2.6.9-he970967_0
Linking dbus-1.13.6-h5008d03_3
Linking xorg-libxtst-1.2.5-hb9d3cd8_3
Linking aws-c-s3-0.7.9-he1b24dc_1
Linking libclang13-19.1.7-default_h9c6a7e4_1
Linking libclang-cpp19.1-19.1.7-default_hb5137d0_1
Linking tbb-2021.13.0-hceb3a55_1
Linking libgoogle-cloud-2.34.0-h2b5623c_0
Linking libopentelemetry-cpp-1.18.0-hfcad708_1
Linking azure-storage-common-cpp-12.8.0-h736e048_1
Linking azure-identity-cpp-1.10.0-h113e628_0
Linking libpq-17.2-h3b95a9b_1
Linking aws-crt-cpp-0.29.9-he0e7f3f_2
Linking mkl-2024.2.2-ha957f24_16
Linking libgoogle-cloud-storage-2.34.0-h0121fbd_0
Linking azure-storage-blobs-cpp-12.13.0-h3cf044e_1
Linking aws-sdk-cpp-1.11.489-h4d475cb_0
Linking libblas-3.9.0-28_h2556b6b_mkl
Linking azure-storage-files-datalake-cpp-12.12.0-ha633028_1
Linking libcblas-3.9.0-28_h372d94f_mkl
Linking liblapack-3.9.0-28_hc41d3b0_mkl
Linking liblapacke-3.9.0-28_hbc6e62b_mkl
Linking cuda-version-12.8-h5d125a7_3
Linking tzdata-2025a-h78e105d_0
Linking font-ttf-dejavu-sans-mono-2.37-hab24e00_0
Linking font-ttf-ubuntu-0.83-h77eed37_3
Linking font-ttf-inconsolata-3.000-h77eed37_0
Linking font-ttf-source-code-pro-2.038-h77eed37_0
Linking cuda-cudart_linux-64-12.8.57-h3f2d84a_0
Linking fonts-conda-forge-1-0
Linking fonts-conda-ecosystem-1-0
Linking cuda-nvvm-tools-12.8.61-he02047a_0
Linking cuda-crt-tools-12.8.61-ha770c72_0
Linking cuda-nvdisasm-12.8.55-hbd13f7d_0
Linking nccl-2.25.1.1-ha44e49d_0
Linking cusparselt-0.6.3.2-hdea8103_1
By downloading and using the cuSPARSELt conda package, you accept the terms
and conditions of the NVIDIA cuSPARSELt Software License Agreement:
https://docs.nvidia.com/cuda/cusparselt/license.html

Linking cuda-cupti-12.8.57-hbd13f7d_0
Linking cuda-nvrtc-12.8.61-hbd13f7d_0
Linking cuda-nvtx-12.8.55-hbd13f7d_0
Linking libcufft-11.3.3.41-hbd13f7d_0
Linking libcufile-1.13.0.11-h12f29b5_0
Linking libcurand-10.3.9.55-hbd13f7d_0
Linking libnvjpeg-12.3.5.57-h97fd463_0
Linking libnvjitlink-12.8.61-hbd13f7d_0
Linking orc-2.0.3-h12ee42a_2
Linking python-3.12.8-h9e4cc4f_1_cpython
Linking cuda-cudart-12.8.57-h5888daf_0
Linking cairo-1.18.2-h3394656_1
Linking cuda-nvcc-tools-12.8.61-he02047a_0
Linking cuda-cuobjdump-12.8.55-hbd13f7d_0
Linking libcublas-12.8.3.14-h9ab20c4_0
Linking libcusparse-12.5.7.53-hbd13f7d_0
Linking libarrow-19.0.0-h00a82cf_8_cpu
Linking harfbuzz-10.2.0-h4bba637_0
Linking libcudss0-0.4.0.2-he55f5cd_2
Linking cudnn-9.3.0.75-h62a6f1c_2
By downloading and using the cuSPARSELt conda package, you accept the terms
and conditions of the NVIDIA cuSPARSELt Software License Agreement:
https://docs.nvidia.com/cuda/cusparselt/license.html
By downloading and using the cuDNN conda packages, you accept the terms and conditions of the NVIDIA cuDNN EULA -
  https://docs.nvidia.com/deeplearning/cudnn/sla/index.html

Linking libmagma-2.8.0-h566cb83_2
Linking libcusolver-11.7.2.55-h9ab20c4_0
Linking libparquet-19.0.0-h081d1f1_8_cpu
Linking libarrow-acero-19.0.0-hcb10f89_8_cpu
Linking qt6-main-6.8.2-h588cce1_0
Linking libmagma_sparse-2.8.0-h0af6554_0
Linking libtorch-2.5.1-cuda126_mkl_haa0cf67_310
Linking libarrow-dataset-19.0.0-hcb10f89_8_cpu
Linking magma-2.8.0-h51420fd_0
Linking libarrow-substrait-19.0.0-h08228c5_8_cpu
Linking kaldi-5.5.1112-cuda120h472450c_5
Linking wheel-0.45.1-pyhd8ed1ab_1
Linking setuptools-75.8.0-pyhff2d567_0
Linking pip-25.0-pyh8b19718_0
Linking pycparser-2.22-pyh29332c3_1
Linking python-fastjsonschema-2.21.1-pyhd8ed1ab_0
Linking typing_utils-0.1.0-pyhd8ed1ab_1
Linking pysocks-1.7.1-pyha55dd90_7
Linking cached_property-1.5.2-pyha770c72_1
Linking types-python-dateutil-2.9.0.20241206-pyhd8ed1ab_0
Linking soupsieve-2.5-pyhd8ed1ab_1
Linking webencodings-0.5.1-pyhd8ed1ab_3
Linking sniffio-1.3.1-pyhd8ed1ab_1
Linking hyperframe-6.1.0-pyhd8ed1ab_0
Linking hpack-4.1.0-pyhd8ed1ab_0
Linking zipp-3.21.0-pyhd8ed1ab_1
Linking parso-0.8.4-pyhd8ed1ab_1
Linking pkgutil-resolve-name-1.3.10-pyhd8ed1ab_2
Linking webcolors-24.11.1-pyhd8ed1ab_0
Linking uri-template-1.3.0-pyhd8ed1ab_1
Linking platformdirs-4.3.6-pyhd8ed1ab_1
Linking python-json-logger-2.0.7-pyhd8ed1ab_0
Linking websocket-client-1.8.0-pyhd8ed1ab_1
Linking send2trash-1.8.3-pyh0d859eb_1
Linking prometheus_client-0.21.1-pyhd8ed1ab_0
Linking rfc3986-validator-0.1.1-pyh9f0ad1d_0
Linking tomli-2.2.1-pyhd8ed1ab_1
Linking json5-0.10.0-pyhd8ed1ab_1
Linking pandocfilters-1.5.0-pyhd8ed1ab_0
Linking defusedxml-0.7.1-pyhd8ed1ab_0
Linking ptyprocess-0.7.0-pyhd8ed1ab_1
Linking wcwidth-0.2.13-pyhd8ed1ab_1
Linking six-1.17.0-pyhd8ed1ab_0
Linking charset-normalizer-3.4.1-pyhd8ed1ab_0
Linking idna-3.10-pyhd8ed1ab_1
Linking certifi-2024.12.14-pyhd8ed1ab_0
Linking pure_eval-0.2.3-pyhd8ed1ab_1
Linking executing-2.1.0-pyhd8ed1ab_1
Linking asttokens-3.0.0-pyhd8ed1ab_1
Linking cpython-3.12.8-py312hd8ed1ab_1
Linking mpmath-1.3.0-pyhd8ed1ab_1
Linking attrs-25.1.0-pyh71513ae_0
Linking aiohappyeyeballs-2.4.4-pyhd8ed1ab_1
Linking munkres-1.1.4-pyh9f0ad1d_0
Linking pyparsing-3.2.1-pyhd8ed1ab_0
Linking cycler-0.12.1-pyhd8ed1ab_1
Linking pytz-2024.1-pyhd8ed1ab_0
Linking python-tzdata-2025.1-pyhd8ed1ab_0
Linking networkx-3.4.2-pyh267e887_2
Linking fsspec-2024.9.0-pyhff2d567_0
Linking filelock-3.17.0-pyhd8ed1ab_0
Linking dill-0.3.8-pyhd8ed1ab_0
Linking nest-asyncio-1.6.0-pyhd8ed1ab_1
Linking packaging-24.2-pyhd8ed1ab_2
Linking typing_extensions-4.12.2-pyha770c72_1
Linking pygments-2.19.1-pyhd8ed1ab_0
Linking exceptiongroup-1.2.2-pyhd8ed1ab_1
Linking pickleshare-0.7.5-pyhd8ed1ab_1004
Linking decorator-5.1.1-pyhd8ed1ab_1
Linking widgetsnbextension-4.0.13-pyhd8ed1ab_1
Linking jupyterlab_widgets-3.0.13-pyhd8ed1ab_1
Linking traitlets-5.14.3-pyhd8ed1ab_1
Linking joblib-1.4.2-pyhd8ed1ab_1
Linking click-8.1.8-pyh707e725_0
Linking colorama-0.4.6-pyhd8ed1ab_1
Linking async-timeout-5.0.1-pyhd8ed1ab_1
Linking overrides-7.7.0-pyhd8ed1ab_1
Linking cached-property-1.5.2-hd8ed1ab_1
Linking tinycss2-1.4.0-pyhd8ed1ab_0
Linking bleach-6.2.0-pyh29332c3_4
Linking h2-4.2.0-pyhd8ed1ab_0
Linking importlib-metadata-8.6.1-pyha770c72_0
Linking importlib_resources-6.5.2-pyhd8ed1ab_0
Linking jedi-0.19.2-pyhd8ed1ab_1
Linking pexpect-4.9.0-pyhd8ed1ab_1
Linking prompt-toolkit-3.0.50-pyha770c72_0
Linking rfc3339-validator-0.1.4-pyhd8ed1ab_1
Linking python-dateutil-2.9.0.post0-pyhff2d567_1
Linking stack_data-0.6.3-pyhd8ed1ab_1
Linking babel-2.17.0-pyhd8ed1ab_0
Linking h11-0.14.0-pyhd8ed1ab_1
Linking async-lru-2.0.4-pyhd8ed1ab_1
Linking mistune-3.1.1-pyhd8ed1ab_0
Linking typing-extensions-4.12.2-hd8ed1ab_1
Linking jupyterlab_pygments-0.3.0-pyhd8ed1ab_2
Linking anyio-4.8.0-pyhd8ed1ab_0
Linking jupyter_core-5.7.2-pyh31011fe_1
Linking matplotlib-inline-0.1.7-pyhd8ed1ab_1
Linking comm-0.2.2-pyhd8ed1ab_1
Linking tqdm-4.67.1-pyhd8ed1ab_1
Linking fqdn-1.5.1-pyhd8ed1ab_1
Linking bleach-with-css-6.2.0-h82add2a_4
Linking prompt_toolkit-3.0.50-hd8ed1ab_0
Linking arrow-1.3.0-pyhd8ed1ab_1
Linking beautifulsoup4-4.13.3-pyha770c72_0
Linking httpcore-1.0.7-pyh29332c3_1
Linking ipython-8.32.0-pyh907856f_0
Linking isoduration-20.11.0-pyhd8ed1ab_1
Linking httpx-0.28.1-pyhd8ed1ab_0
Linking ipywidgets-8.1.5-pyhd8ed1ab_1
Linking pyarrow-core-19.0.0-py312h01725c0_0_cpu
Linking triton-3.1.0-cuda126py312h776fbae_6
Linking rpds-py-0.22.3-py312h12e396e_0
Linking jsonpointer-3.0.0-py312h7900ff3_1
Linking markupsafe-3.0.2-py312h178313f_1
Linking brotli-python-1.1.0-py312h2ec8cdc_2
Linking gmpy2-2.1.5-py312h7201bc8_3
Linking propcache-0.2.1-py312h178313f_1
Linking multidict-6.1.0-py312h178313f_2
Linking frozenlist-1.5.0-py312h178313f_1
Linking unicodedata2-16.0.0-py312h66e93f0_0
Linking pyside6-6.8.2-py312h91f0f75_0
Linking kiwisolver-1.4.8-py312h84d6215_0
Linking pillow-11.1.0-py312h80c1187_0
Linking pyyaml-6.0.2-py312h178313f_2
Linking python-xxhash-3.5.0-py312h66e93f0_1
Linking tornado-6.4.2-py312h66e93f0_0
Linking pyzmq-26.2.1-py312hbf22597_0
Linking psutil-6.1.1-py312h66e93f0_0
Linking debugpy-1.8.12-py312h2ec8cdc_0
Linking regex-2024.11.6-py312h66e93f0_0
Linking numpy-2.2.2-py312h72c5963_0
Linking chardet-5.2.0-py312h7900ff3_2
Linking cffi-1.17.1-py312h06ac9bb_0
Linking multiprocess-0.70.16-py312h66e93f0_1
Linking pyarrow-19.0.0-py312h7900ff3_0
Linking yarl-1.18.3-py312h178313f_1
Linking fonttools-4.55.8-py312h178313f_0
Linking contourpy-1.3.1-py312h68727a3_0
Linking scipy-1.15.1-py312h180e4f1_0
Linking pandas-2.2.3-py312hf9745cd_1
Linking zstandard-0.23.0-py312hef9b889_1
Linking argon2-cffi-bindings-21.2.0-py312h66e93f0_5
Linking matplotlib-base-3.10.0-py312hd3ec401_0
Linking matplotlib-3.10.0-py312h7900ff3_0
Linking referencing-0.36.2-pyh29332c3_0
Linking jinja2-3.1.5-pyhd8ed1ab_0
Linking sympy-1.13.3-pyh2585a3b_105
Linking aiosignal-1.3.2-pyhd8ed1ab_0
Linking terminado-0.18.1-pyh0d859eb_0
Linking jupyter_client-8.6.3-pyhd8ed1ab_1
Linking nltk-3.9.1-pyhd8ed1ab_1
Linking patsy-1.0.1-pyhd8ed1ab_1
Linking urllib3-2.3.0-pyhd8ed1ab_0
Linking argon2-cffi-23.1.0-pyhd8ed1ab_1
Linking seaborn-base-0.13.2-pyhd8ed1ab_3
Linking jsonschema-specifications-2024.10.1-pyhd8ed1ab_1
Linking jupyter_server_terminals-0.5.3-pyhd8ed1ab_1
Linking ipykernel-6.29.5-pyh3099207_0
Linking requests-2.32.3-pyhd8ed1ab_1
Linking jsonschema-4.23.0-pyhd8ed1ab_1
Linking jupyter_console-6.6.3-pyhd8ed1ab_1
Linking huggingface_hub-0.28.0-pyhd8ed1ab_0
Linking jsonschema-with-format-nongpl-4.23.0-hd8ed1ab_1
Linking nbformat-5.10.4-pyhd8ed1ab_1
Linking jupyter_events-0.12.0-pyh29332c3_0
Linking nbclient-0.10.2-pyhd8ed1ab_0
Linking nbconvert-core-7.16.6-pyh29332c3_0
Linking jupyter_server-2.15.0-pyhd8ed1ab_0
Linking jupyter-lsp-2.2.5-pyhd8ed1ab_1
Linking notebook-shim-0.2.4-pyhd8ed1ab_1
Linking jupyterlab_server-2.27.3-pyhd8ed1ab_1
Linking jupyterlab-4.3.5-pyhd8ed1ab_0
Linking notebook-7.3.2-pyhd8ed1ab_0
Linking jupyter-1.1.1-pyhd8ed1ab_1
Linking pytorch-2.5.1-cuda126_mkl_py312_hdbe889e_310
Linking aiohttp-3.11.12-py312h178313f_0
Linking statsmodels-0.14.4-py312hc0a28a1_0
Linking torchvision-0.20.1-cuda126_py312_hcab48d2_6
Linking torchaudio-2.5.1-cuda_126py312haeea92a_0
Linking datasets-3.2.0-pyhd8ed1ab_0
Linking seaborn-0.13.2-hd8ed1ab_3

Transaction finished

To activate this environment, use:

    micromamba activate cse447

Or to execute a single command in this environment, use:

    micromamba run -n cse447 mycommand


Env created!
--------------------
Checking for GPU...

CUDA is available.

--------------------
Preparing Data...

Performing Test/Train Split
Creating symlinks for ./data-train:   0%|          | 0/71621 [00:00<?, ?it/s]Creating symlinks for ./data-train:   0%|          | 18/71621 [00:00<06:47, 175.51it/s]Creating symlinks for ./data-train:   0%|          | 36/71621 [00:00<07:22, 161.81it/s]Creating symlinks for ./data-train:   0%|          | 65/71621 [00:00<05:33, 214.50it/s]Creating symlinks for ./data-train:   0%|          | 96/71621 [00:00<04:49, 247.44it/s]Creating symlinks for ./data-train:   0%|          | 128/71621 [00:00<04:23, 271.71it/s]Creating symlinks for ./data-train:   0%|          | 160/71621 [00:00<04:08, 287.58it/s]Creating symlinks for ./data-train:   0%|          | 196/71621 [00:00<03:50, 309.28it/s]Creating symlinks for ./data-train:   0%|          | 232/71621 [00:00<03:40, 324.20it/s]Creating symlinks for ./data-train:   0%|          | 266/71621 [00:00<03:37, 327.44it/s]Creating symlinks for ./data-train:   0%|          | 305/71621 [00:01<03:26, 345.46it/s]Creating symlinks for ./data-train:   0%|          | 346/71621 [00:01<03:15, 363.75it/s]Creating symlinks for ./data-train:   1%|          | 394/71621 [00:01<03:00, 395.68it/s]Creating symlinks for ./data-train:   1%|          | 434/71621 [00:01<03:00, 394.74it/s]Creating symlinks for ./data-train:   1%|          | 474/71621 [00:01<03:00, 395.09it/s]Creating symlinks for ./data-train:   1%|          | 514/71621 [00:01<02:59, 395.43it/s]Creating symlinks for ./data-train:   1%|          | 559/71621 [00:01<02:52, 410.89it/s]Creating symlinks for ./data-train:   1%|          | 605/71621 [00:01<02:47, 423.07it/s]Creating symlinks for ./data-train:   1%|          | 650/71621 [00:01<02:44, 430.86it/s]Creating symlinks for ./data-train:   1%|          | 696/71621 [00:01<02:41, 438.80it/s]Creating symlinks for ./data-train:   1%|          | 743/71621 [00:02<02:39, 445.25it/s]Creating symlinks for ./data-train:   1%|          | 788/71621 [00:02<02:42, 436.69it/s]Creating symlinks for ./data-train:   1%|          | 834/71621 [00:02<02:40, 440.36it/s]Creating symlinks for ./data-train:   1%|          | 880/71621 [00:02<02:39, 444.17it/s]Creating symlinks for ./data-train:   1%|▏         | 931/71621 [00:02<02:33, 460.69it/s]Creating symlinks for ./data-train:   1%|▏         | 978/71621 [00:02<02:49, 416.26it/s]Creating symlinks for ./data-train:   1%|▏         | 978/71621 [00:19<02:49, 416.26it/s]Creating symlinks for ./data-train:   1%|▏         | 1003/71621 [00:25<3:17:56,  5.95it/s]Creating symlinks for ./data-train:   1%|▏         | 1004/71621 [00:30<4:18:05,  4.56it/s]Creating symlinks for ./data-train:   1%|▏         | 1004/71621 [00:49<4:18:05,  4.56it/s]Creating symlinks for ./data-train:   1%|▏         | 1008/71621 [00:50<9:45:44,  2.01it/s]Creating symlinks for ./data-train:   1%|▏         | 1009/71621 [00:55<11:36:08,  1.69it/s]Creating symlinks for ./data-train:   1%|▏         | 1009/71621 [01:09<11:36:08,  1.69it/s]Creating symlinks for ./data-train:   1%|▏         | 1012/71621 [01:10<18:08:50,  1.08it/s]Creating symlinks for ./data-train:   1%|▏         | 1013/71621 [01:13<19:53:53,  1.01s/it]Creating symlinks for ./data-train:   1%|▏         | 1013/71621 [01:29<19:53:53,  1.01s/it]Creating symlinks for ./data-train:   1%|▏         | 1017/71621 [01:30<30:23:30,  1.55s/it]Creating symlinks for ./data-train:   1%|▏         | 1018/71621 [01:33<32:20:32,  1.65s/it]Creating symlinks for ./data-train:   1%|▏         | 1018/71621 [01:49<32:20:32,  1.65s/it]Creating symlinks for ./data-train:   1%|▏         | 1023/71621 [01:54<47:01:15,  2.40s/it]Creating symlinks for ./data-train:   1%|▏         | 1024/71621 [02:02<54:00:48,  2.75s/it]Creating symlinks for ./data-train:   1%|▏         | 1024/71621 [02:19<54:00:48,  2.75s/it]Creating symlinks for ./data-train:   1%|▏         | 1029/71621 [02:23<64:01:14,  3.26s/it]Creating symlinks for ./data-train:   1%|▏         | 1030/71621 [02:28<68:02:39,  3.47s/it]Creating symlinks for ./data-train:   1%|▏         | 1030/71621 [02:39<68:02:39,  3.47s/it]Creating symlinks for ./data-train:   1%|▏         | 1033/71621 [02:44<77:39:03,  3.96s/it]Creating symlinks for ./data-train:   1%|▏         | 1034/71621 [02:47<76:25:03,  3.90s/it]Creating symlinks for ./data-train:   1%|▏         | 1034/71621 [02:59<76:25:03,  3.90s/it]Creating symlinks for ./data-train:   1%|▏         | 1036/71621 [03:00<88:43:42,  4.53s/it]Creating symlinks for ./data-train:   1%|▏         | 1037/71621 [03:05<91:34:00,  4.67s/it]Creating symlinks for ./data-train:   1%|▏         | 1037/71621 [03:19<91:34:00,  4.67s/it]Creating symlinks for ./data-train:   1%|▏         | 1040/71621 [03:21<95:29:09,  4.87s/it]Creating symlinks for ./data-train:   1%|▏         | 1041/71621 [03:26<96:34:25,  4.93s/it]Creating symlinks for ./data-train:   1%|▏         | 1043/71621 [03:39<106:13:36,  5.42s/it]Creating symlinks for ./data-train:   1%|▏         | 1044/71621 [03:46<113:17:12,  5.78s/it]Creating symlinks for ./data-train:   1%|▏         | 1044/71621 [03:59<113:17:12,  5.78s/it]Creating symlinks for ./data-train:   1%|▏         | 1046/71621 [04:00<118:46:38,  6.06s/it]Creating symlinks for ./data-train:   1%|▏         | 1047/71621 [04:03<108:29:15,  5.53s/it]Creating symlinks for ./data-train:   1%|▏         | 1048/71621 [04:11<117:41:02,  6.00s/it]Creating symlinks for ./data-train:   1%|▏         | 1049/71621 [04:18<122:45:41,  6.26s/it]Creating symlinks for ./data-train:   1%|▏         | 1050/71621 [04:23<117:48:33,  6.01s/it]Creating symlinks for ./data-train:   1%|▏         | 1051/71621 [04:29<115:23:24,  5.89s/it]Creating symlinks for ./data-train:   1%|▏         | 1052/71621 [04:36<122:15:11,  6.24s/it]Creating symlinks for ./data-train:   1%|▏         | 1053/71621 [04:41<118:59:34,  6.07s/it]Creating symlinks for ./data-train:   1%|▏         | 1054/71621 [04:47<113:24:32,  5.79s/it]Creating symlinks for ./data-train:   1%|▏         | 1055/71621 [04:52<112:03:59,  5.72s/it]Creating symlinks for ./data-train:   1%|▏         | 1056/71621 [04:58<113:57:03,  5.81s/it]Creating symlinks for ./data-train:   1%|▏         | 1057/71621 [05:04<112:16:39,  5.73s/it]Creating symlinks for ./data-train:   1%|▏         | 1058/71621 [05:09<111:51:25,  5.71s/it]Creating symlinks for ./data-train:   1%|▏         | 1059/71621 [05:16<119:37:07,  6.10s/it]Creating symlinks for ./data-train:   1%|▏         | 1060/71621 [05:26<138:04:55,  7.04s/it]Creating symlinks for ./data-train:   1%|▏         | 1061/71621 [05:31<129:04:17,  6.59s/it]Creating symlinks for ./data-train:   1%|▏         | 1062/71621 [05:35<110:59:46,  5.66s/it]Creating symlinks for ./data-train:   1%|▏         | 1063/71621 [05:40<110:02:56,  5.61s/it]Creating symlinks for ./data-train:   1%|▏         | 1064/71621 [05:46<113:03:22,  5.77s/it]Creating symlinks for ./data-train:   1%|▏         | 1065/71621 [05:51<109:40:55,  5.60s/it]Creating symlinks for ./data-train:   2%|▏         | 1109/71621 [05:52<5:34:06,  3.52it/s]  Creating symlinks for ./data-train:   2%|▏         | 1126/71621 [05:52<3:42:31,  5.28it/s]Creating symlinks for ./data-train:   2%|▏         | 1158/71621 [05:52<2:00:50,  9.72it/s]Creating symlinks for ./data-train:   2%|▏         | 1177/71621 [05:52<1:33:49, 12.51it/s]Creating symlinks for ./data-train:   2%|▏         | 1215/71621 [05:53<52:43, 22.26it/s]  Creating symlinks for ./data-train:   2%|▏         | 1238/71621 [05:56<1:30:30, 12.96it/s]Creating symlinks for ./data-train:   2%|▏         | 1238/71621 [06:09<1:30:30, 12.96it/s]